[Mon, 20. May 2024 05:26:34 ICT | ID 792378435665920050] nhatanh.user: Uptime
[Mon, 20. May 2024 10:20:13 ICT | ID 792378435665920050] nhatanh.user: Unban .NextVase2277907
[Mon, 20. May 2024 10:20:23 ICT | ID 792378435665920050] nhatanh.user: unban .NextVase2277907
[Mon, 20. May 2024 10:21:20 ICT | ID 792378435665920050] nhatanh.user: Uptime
[Mon, 20. May 2024 10:21:25 ICT | ID 792378435665920050] nhatanh.user: Ram
[Mon, 20. May 2024 11:54:19 ICT | ID 792378435665920050] nhatanh.user: Uptime
[Mon, 20. May 2024 11:54:22 ICT | ID 792378435665920050] nhatanh.user: Ram
[Mon, 20. May 2024 12:05:25 ICT | ID 792378435665920050] nhatanh.user: Help
[Mon, 20. May 2024 12:05:56 ICT | ID 792378435665920050] nhatanh.user: Timings
[Mon, 20. May 2024 12:06:22 ICT | ID 792378435665920050] nhatanh.user: Spark instead
[Mon, 20. May 2024 12:06:32 ICT | ID 792378435665920050] nhatanh.user: Hel
[Mon, 20. May 2024 12:06:34 ICT | ID 792378435665920050] nhatanh.user: Help
[Mon, 20. May 2024 12:07:37 ICT | ID 792378435665920050] nhatanh.user: Uptime
[Mon, 20. May 2024 12:08:04 ICT | ID 792378435665920050] nhatanh.user: Say bao lon
[Mon, 20. May 2024 12:08:16 ICT | ID 792378435665920050] nhatanh.user: Ping
[Mon, 20. May 2024 12:08:22 ICT | ID 792378435665920050] nhatanh.user: Ping bo
[Mon, 20. May 2024 12:09:35 ICT | ID 792378435665920050] nhatanh.user: Discord
[Mon, 20. May 2024 12:29:52 ICT | ID 792378435665920050] nhatanh.user: unban .NextVase2277907
[Mon, 20. May 2024 12:31:20 ICT | ID 792378435665920050] nhatanh.user: Pardon .NextVase2277907
[Mon, 20. May 2024 12:31:37 ICT | ID 792378435665920050] nhatanh.user: Banlist player
[Mon, 20. May 2024 12:31:52 ICT | ID 792378435665920050] nhatanh.user: banlist playes
[Mon, 20. May 2024 12:31:57 ICT | ID 792378435665920050] nhatanh.user: banlist player
[Mon, 20. May 2024 15:01:50 ICT | ID 792378435665920050] nhatanh.user: Uptime
[Mon, 20. May 2024 15:19:19 ICT | ID 792378435665920050] nhatanh.user: M!p thiên lý ơi
[Mon, 20. May 2024 16:53:44 ICT | ID 792378435665920050] nhatanh.user: say Toi 7h vao game dong du lam tam hinh nha
[Mon, 20. May 2024 17:31:37 ICT | ID 792378435665920050] nhatanh.user: Reload confirm
[Mon, 20. May 2024 19:32:04 ICT | ID 792378435665920050] nhatanh.user: M!next
